[2022-11-01T07:17:18.092] [WARN] default - column pe.id_gestion does not exist ErrorAplicacion 400
[2022-11-01T07:19:41.478] [WARN] default - column pe.id_gestion does not exist ErrorAplicacion 400
[2022-11-01T07:21:51.436] [WARN] default - column pe.id_gestion does not exist ErrorAplicacion 400 Error: column pe.id_gestion does not exist
    at new ErrorApp (/Users/bryanarteaga/Desktop/Proyect/sippase/Backend/src/domain/lib/error.js:18:19)
    at Object.calificaciones (/Users/bryanarteaga/Desktop/Proyect/sippase/Backend/src/domain/services/planificacion/OperacionService.js:41:13)
    at processTicksAndRejections (node:internal/process/task_queues:96:5)
    at async calificaciones (/Users/bryanarteaga/Desktop/Proyect/sippase/Backend/src/application/api/controllers/planificacion/OperacionController.js:20:25)
[2022-11-01T07:25:59.871] [WARN] default - invalid input value for enum enum_planificacion_formulacion_tipo: "null" ErrorAplicacion 400 Error: invalid input value for enum enum_planificacion_formulacion_tipo: "null"
    at new ErrorApp (/Users/bryanarteaga/Desktop/Proyect/sippase/Backend/src/domain/lib/error.js:18:19)
    at Object.findAll (/Users/bryanarteaga/Desktop/Proyect/sippase/Backend/src/domain/services/planificacion/FormulacionService.js:18:13)
    at processTicksAndRejections (node:internal/process/task_queues:96:5)
    at async findAll (/Users/bryanarteaga/Desktop/Proyect/sippase/Backend/src/application/api/controllers/planificacion/FormulacionController.js:26:25)
[2022-11-01T07:29:04.646] [WARN] default - invalid input value for enum enum_planificacion_formulacion_tipo: "null" ErrorAplicacion 400 Error: invalid input value for enum enum_planificacion_formulacion_tipo: "null"
    at new ErrorApp (/Users/bryanarteaga/Desktop/Proyect/sippase/Backend/src/domain/lib/error.js:18:19)
    at Object.findAll (/Users/bryanarteaga/Desktop/Proyect/sippase/Backend/src/domain/services/planificacion/FormulacionService.js:18:13)
    at processTicksAndRejections (node:internal/process/task_queues:96:5)
    at async findAll (/Users/bryanarteaga/Desktop/Proyect/sippase/Backend/src/application/api/controllers/planificacion/FormulacionController.js:26:25)
[2022-11-01T07:29:43.813] [WARN] default - column estructura.idGestion does not exist ErrorAplicacion 400 Error: column estructura.idGestion does not exist
    at new ErrorApp (/Users/bryanarteaga/Desktop/Proyect/sippase/Backend/src/domain/lib/error.js:18:19)
    at Object.getOperacionesPoa (/Users/bryanarteaga/Desktop/Proyect/sippase/Backend/src/domain/services/planificacion/OperacionService.js:214:13)
    at processTicksAndRejections (node:internal/process/task_queues:96:5)
    at async poa (/Users/bryanarteaga/Desktop/Proyect/sippase/Backend/src/application/api/controllers/planificacion/OperacionController.js:75:25)
[2022-11-01T07:47:30.203] [WARN] default - column operacion.lineamiento does not exist ErrorAplicacion 400 Error: column operacion.lineamiento does not exist
    at new ErrorApp (/Users/bryanarteaga/Desktop/Proyect/sippase/Backend/src/domain/lib/error.js:18:19)
    at Object.getOperacionesPoa (/Users/bryanarteaga/Desktop/Proyect/sippase/Backend/src/domain/services/planificacion/OperacionService.js:214:13)
    at processTicksAndRejections (node:internal/process/task_queues:96:5)
    at async poa (/Users/bryanarteaga/Desktop/Proyect/sippase/Backend/src/application/api/controllers/planificacion/OperacionController.js:75:25)
[2022-11-01T14:28:18.285] [WARN] default - ENOENT: no such file or directory, mkdir 'undefined/adjuntos/dabcbab6-9a35-43ff-a837-0ba8124df72b' ErrorAplicacion 400 Error: ENOENT: no such file or directory, mkdir 'undefined/adjuntos/dabcbab6-9a35-43ff-a837-0ba8124df72b'
    at new ErrorApp (/Users/bryanarteaga/Desktop/Proyect/sippase/Backend/src/domain/lib/error.js:18:19)
    at Object.generarCertificado (/Users/bryanarteaga/Desktop/Proyect/sippase/Backend/src/domain/services/rfuncional/RFSolicitudService.js:75:13)
    at processTicksAndRejections (node:internal/process/task_queues:96:5)
    at async crearCertificado (/Users/bryanarteaga/Desktop/Proyect/sippase/Backend/src/application/api/controllers/rfuncional/RFSolicitudController.js:186:25)
[2022-11-01T14:28:30.697] [WARN] default - ENOENT: no such file or directory, mkdir 'undefined/adjuntos/dabcbab6-9a35-43ff-a837-0ba8124df72b' ErrorAplicacion 400 Error: ENOENT: no such file or directory, mkdir 'undefined/adjuntos/dabcbab6-9a35-43ff-a837-0ba8124df72b'
    at new ErrorApp (/Users/bryanarteaga/Desktop/Proyect/sippase/Backend/src/domain/lib/error.js:18:19)
    at Object.generarCertificado (/Users/bryanarteaga/Desktop/Proyect/sippase/Backend/src/domain/services/rfuncional/RFSolicitudService.js:75:13)
    at processTicksAndRejections (node:internal/process/task_queues:96:5)
    at async crearCertificado (/Users/bryanarteaga/Desktop/Proyect/sippase/Backend/src/application/api/controllers/rfuncional/RFSolicitudController.js:186:25)
[2022-11-02T12:12:38.253] [WARN] default - Cannot read properties of null (reading 'nivel') ErrorAplicacion 400 Error: Cannot read properties of null (reading 'nivel')
    at new ErrorApp (/Users/bryanarteaga/Desktop/Proyect/sippase/Backend/src/domain/lib/error.js:18:19)
    at Object.getOperacionesPoa (/Users/bryanarteaga/Desktop/Proyect/sippase/Backend/src/domain/services/planificacion/OperacionService.js:206:13)
    at runMicrotasks (<anonymous>)
    at processTicksAndRejections (node:internal/process/task_queues:96:5)
    at async poa (/Users/bryanarteaga/Desktop/Proyect/sippase/Backend/src/application/api/controllers/planificacion/OperacionController.js:75:25)
[2022-11-02T12:12:47.441] [WARN] default - Cannot read properties of null (reading 'nivel') ErrorAplicacion 400 Error: Cannot read properties of null (reading 'nivel')
    at new ErrorApp (/Users/bryanarteaga/Desktop/Proyect/sippase/Backend/src/domain/lib/error.js:18:19)
    at Object.getOperacionesPoa (/Users/bryanarteaga/Desktop/Proyect/sippase/Backend/src/domain/services/planificacion/OperacionService.js:206:13)
    at runMicrotasks (<anonymous>)
    at processTicksAndRejections (node:internal/process/task_queues:96:5)
    at async poa (/Users/bryanarteaga/Desktop/Proyect/sippase/Backend/src/application/api/controllers/planificacion/OperacionController.js:75:25)
[2022-11-02T13:45:29.243] [WARN] default - Cannot read properties of null (reading 'nivel') ErrorAplicacion 400 Error: Cannot read properties of null (reading 'nivel')
    at new ErrorApp (/Users/bryanarteaga/Desktop/Proyect/sippase/Backend/src/domain/lib/error.js:18:19)
    at Object.getOperacionesPoa (/Users/bryanarteaga/Desktop/Proyect/sippase/Backend/src/domain/services/planificacion/OperacionService.js:206:13)
    at runMicrotasks (<anonymous>)
    at processTicksAndRejections (node:internal/process/task_queues:96:5)
    at async poa (/Users/bryanarteaga/Desktop/Proyect/sippase/Backend/src/application/api/controllers/planificacion/OperacionController.js:75:25)
